[0m2021.10.19 09:30:29 INFO  Started: Metals version 0.10.7 in workspace 'I:\Shubham_projects\cometative_coding' for client Visual Studio Code 1.61.1.[0m
[0m2021.10.19 09:30:42 INFO  time: initialize in 12s[0m
[0m2021.10.19 09:30:45 WARN  Build server is not auto-connectable.[0m
[0m2021.10.19 09:30:45 WARN  no build tool detected in workspace 'I:\Shubham_projects\cometative_coding'. The most common cause for this problem is that the editor was opened in the wrong working directory, for example if you use sbt then the workspace directory should contain build.sbt. [0m
[0m2021.10.19 12:06:36 INFO  shutting down Metals[0m
[0m2021.10.25 13:55:01 INFO  Started: Metals version 0.10.7 in workspace 'I:\Shubham_projects\cometative_coding' for client Visual Studio Code 1.61.2.[0m
[0m2021.10.25 13:55:13 INFO  time: initialize in 12s[0m
[0m2021.10.25 13:55:16 WARN  Build server is not auto-connectable.[0m
[0m2021.10.25 13:55:16 WARN  no build tool detected in workspace 'I:\Shubham_projects\cometative_coding'. The most common cause for this problem is that the editor was opened in the wrong working directory, for example if you use sbt then the workspace directory should contain build.sbt. [0m
[0m2021.10.25 22:48:58 INFO  shutting down Metals[0m
[0m2021.11.14 21:13:47 INFO  Started: Metals version 0.10.9 in workspace 'I:\Shubham_projects\cometative_coding' for client Visual Studio Code 1.61.2.[0m
[0m2021.11.14 21:13:53 INFO  time: initialize in 6.84s[0m
[0m2021.11.14 21:13:55 WARN  Build server is not auto-connectable.[0m
[0m2021.11.14 21:13:55 WARN  no build tool detected in workspace 'I:\Shubham_projects\cometative_coding'. The most common cause for this problem is that the editor was opened in the wrong working directory, for example if you use sbt then the workspace directory should contain build.sbt. [0m
[0m2021.11.14 22:03:30 INFO  shutting down Metals[0m
[0m2021.11.17 10:22:45 INFO  Started: Metals version 0.10.9 in workspace 'I:\Shubham_projects\cometative_coding' for client Visual Studio Code 1.61.2.[0m
[0m2021.11.17 10:23:19 INFO  time: initialize in 35s[0m
[0m2021.11.17 10:23:26 WARN  Build server is not auto-connectable.[0m
[0m2021.11.17 10:23:26 WARN  no build tool detected in workspace 'I:\Shubham_projects\cometative_coding'. The most common cause for this problem is that the editor was opened in the wrong working directory, for example if you use sbt then the workspace directory should contain build.sbt. [0m
[0m2021.11.18 08:41:46 INFO  Started: Metals version 0.10.9 in workspace 'I:\Shubham_projects\cometative_coding' for client Visual Studio Code 1.61.2.[0m
[0m2021.11.18 08:42:06 INFO  time: initialize in 20s[0m
[0m2021.11.18 08:42:19 WARN  Build server is not auto-connectable.[0m
[0m2021.11.18 08:42:19 WARN  no build tool detected in workspace 'I:\Shubham_projects\cometative_coding'. The most common cause for this problem is that the editor was opened in the wrong working directory, for example if you use sbt then the workspace directory should contain build.sbt. [0m
[0m2021.11.18 08:58:52 INFO  shutting down Metals[0m
[0m2021.11.25 09:04:18 INFO  Started: Metals version 0.10.9 in workspace 'I:\Shubham_projects\cometative_coding' for client Visual Studio Code 1.62.3.[0m
[0m2021.11.25 09:04:24 INFO  time: initialize in 5.72s[0m
[0m2021.11.25 09:04:25 WARN  Build server is not auto-connectable.[0m
[0m2021.11.25 09:04:25 WARN  no build tool detected in workspace 'I:\Shubham_projects\cometative_coding'. The most common cause for this problem is that the editor was opened in the wrong working directory, for example if you use sbt then the workspace directory should contain build.sbt. [0m
[0m2021.11.25 12:24:01 INFO  shutting down Metals[0m
[0m2022.01.02 21:52:30 INFO  Started: Metals version 0.10.9 in workspace 'I:\Shubham_projects\cometative_coding' for client Visual Studio Code 1.62.3.[0m
[0m2022.01.02 21:52:39 INFO  time: initialize in 8.77s[0m
[0m2022.01.02 21:52:41 WARN  Build server is not auto-connectable.[0m
[0m2022.01.02 21:52:41 WARN  no build tool detected in workspace 'I:\Shubham_projects\cometative_coding'. The most common cause for this problem is that the editor was opened in the wrong working directory, for example if you use sbt then the workspace directory should contain build.sbt. [0m
Jan 03, 2022 9:18:15 AM org.eclipse.lsp4j.jsonrpc.services.GenericEndpoint notify
INFO: Unsupported notification method: $/setTrace
[0m2022.01.06 23:36:59 INFO  shutting down Metals[0m
